2025-09-14 15:54:56 [] INFO  b.c.controllers.ClientControllerTest - Starting ClientControllerTest using Java 17.0.6 with PID 8532 (started by cheyu in C:\Cursos\Proyectos Personales\mcsv-books\client-service)
2025-09-14 15:54:56 [] INFO  b.c.controllers.ClientControllerTest - No active profile set, falling back to 1 default profile: "default"
2025-09-14 15:54:59 [] WARN  o.s.b.a.s.s.UserDetailsServiceAutoConfiguration - 

Using generated security password: 463ab484-5d91-4a94-8821-5793d2342c28

This generated password is for development use only. Your security configuration must be updated before running your application in production.

2025-09-14 15:54:59 [] INFO  o.s.s.c.a.a.c.InitializeUserDetailsBeanManagerConfigurer$InitializeUserDetailsManagerConfigurer - Global AuthenticationManager configured with UserDetailsService bean with name inMemoryUserDetailsManager
2025-09-14 15:54:59 [] INFO  o.s.v.b.OptionalValidatorFactoryBean - Failed to set up a Bean Validation provider: jakarta.validation.NoProviderFoundException: Unable to create a Configuration, because no Jakarta Bean Validation provider could be found. Add a provider like Hibernate Validator (RI) to your classpath.
2025-09-14 15:55:00 [] INFO  o.s.b.t.m.w.SpringBootMockServletContext - Initializing Spring TestDispatcherServlet ''
2025-09-14 15:55:00 [] INFO  o.s.t.w.s.TestDispatcherServlet - Initializing Servlet ''
2025-09-14 15:55:00 [] INFO  o.s.t.w.s.TestDispatcherServlet - Completed initialization in 3 ms
2025-09-14 15:55:00 [] INFO  b.c.controllers.ClientControllerTest - Started ClientControllerTest in 5.456 seconds (process running for 7.966)
2025-09-14 15:55:45 [] INFO  b.c.controllers.ClientControllerTest - Starting ClientControllerTest using Java 17.0.6 with PID 9164 (started by cheyu in C:\Cursos\Proyectos Personales\mcsv-books\client-service)
2025-09-14 15:55:45 [] INFO  b.c.controllers.ClientControllerTest - No active profile set, falling back to 1 default profile: "default"
2025-09-14 15:55:48 [] WARN  o.s.b.a.s.s.UserDetailsServiceAutoConfiguration - 

Using generated security password: bdd5280e-e1b6-4175-827e-a3186f4ef08a

This generated password is for development use only. Your security configuration must be updated before running your application in production.

2025-09-14 15:55:48 [] INFO  o.s.s.c.a.a.c.InitializeUserDetailsBeanManagerConfigurer$InitializeUserDetailsManagerConfigurer - Global AuthenticationManager configured with UserDetailsService bean with name inMemoryUserDetailsManager
2025-09-14 15:55:48 [] INFO  o.s.v.b.OptionalValidatorFactoryBean - Failed to set up a Bean Validation provider: jakarta.validation.NoProviderFoundException: Unable to create a Configuration, because no Jakarta Bean Validation provider could be found. Add a provider like Hibernate Validator (RI) to your classpath.
2025-09-14 15:55:49 [] INFO  o.s.b.t.m.w.SpringBootMockServletContext - Initializing Spring TestDispatcherServlet ''
2025-09-14 15:55:49 [] INFO  o.s.t.w.s.TestDispatcherServlet - Initializing Servlet ''
2025-09-14 15:55:49 [] INFO  o.s.t.w.s.TestDispatcherServlet - Completed initialization in 3 ms
2025-09-14 15:55:49 [] INFO  b.c.controllers.ClientControllerTest - Started ClientControllerTest in 4.904 seconds (process running for 7.21)
