2025-07-29 17:00:13 [main] INFO  b.c.controllers.ClientControllerTest - Starting ClientControllerTest using Java 17.0.6 with PID 4608 (started by cheyu in C:\Cursos\Proyectos Personales\mcsv-books\client-service)
2025-07-29 17:00:13 [main] INFO  b.c.controllers.ClientControllerTest - No active profile set, falling back to 1 default profile: "default"
2025-07-29 17:00:17 [main] WARN  o.s.b.a.s.s.UserDetailsServiceAutoConfiguration - 

Using generated security password: 2e3b4c25-832e-4b83-9e24-6a880d02898b

This generated password is for development use only. Your security configuration must be updated before running your application in production.

2025-07-29 17:00:17 [main] INFO  o.s.s.c.a.a.c.InitializeUserDetailsBeanManagerConfigurer$InitializeUserDetailsManagerConfigurer - Global AuthenticationManager configured with UserDetailsService bean with name inMemoryUserDetailsManager
2025-07-29 17:00:17 [main] INFO  o.s.v.b.OptionalValidatorFactoryBean - Failed to set up a Bean Validation provider: jakarta.validation.NoProviderFoundException: Unable to create a Configuration, because no Jakarta Bean Validation provider could be found. Add a provider like Hibernate Validator (RI) to your classpath.
2025-07-29 17:00:18 [main] INFO  o.s.b.t.m.w.SpringBootMockServletContext - Initializing Spring TestDispatcherServlet ''
2025-07-29 17:00:18 [main] INFO  o.s.t.w.s.TestDispatcherServlet - Initializing Servlet ''
2025-07-29 17:00:18 [main] INFO  o.s.t.w.s.TestDispatcherServlet - Completed initialization in 2 ms
2025-07-29 17:00:19 [main] INFO  b.c.controllers.ClientControllerTest - Started ClientControllerTest in 6.73 seconds (process running for 9.913)
2025-07-29 17:01:10 [main] INFO  b.c.controllers.ClientControllerTest - Starting ClientControllerTest using Java 17.0.6 with PID 10568 (started by cheyu in C:\Cursos\Proyectos Personales\mcsv-books\client-service)
2025-07-29 17:01:10 [main] INFO  b.c.controllers.ClientControllerTest - No active profile set, falling back to 1 default profile: "default"
2025-07-29 17:01:12 [main] WARN  o.s.b.a.s.s.UserDetailsServiceAutoConfiguration - 

Using generated security password: d0dc2b43-cff8-4418-8fd4-feec28620706

This generated password is for development use only. Your security configuration must be updated before running your application in production.

2025-07-29 17:01:12 [main] INFO  o.s.s.c.a.a.c.InitializeUserDetailsBeanManagerConfigurer$InitializeUserDetailsManagerConfigurer - Global AuthenticationManager configured with UserDetailsService bean with name inMemoryUserDetailsManager
2025-07-29 17:01:13 [main] INFO  o.s.v.b.OptionalValidatorFactoryBean - Failed to set up a Bean Validation provider: jakarta.validation.NoProviderFoundException: Unable to create a Configuration, because no Jakarta Bean Validation provider could be found. Add a provider like Hibernate Validator (RI) to your classpath.
2025-07-29 17:01:14 [main] INFO  o.s.b.t.m.w.SpringBootMockServletContext - Initializing Spring TestDispatcherServlet ''
2025-07-29 17:01:14 [main] INFO  o.s.t.w.s.TestDispatcherServlet - Initializing Servlet ''
2025-07-29 17:01:14 [main] INFO  o.s.t.w.s.TestDispatcherServlet - Completed initialization in 2 ms
2025-07-29 17:01:14 [main] INFO  b.c.controllers.ClientControllerTest - Started ClientControllerTest in 5.087 seconds (process running for 8.102)
2025-07-29 17:01:58 [main] INFO  b.c.controllers.ClientControllerTest - Starting ClientControllerTest using Java 17.0.6 with PID 13832 (started by cheyu in C:\Cursos\Proyectos Personales\mcsv-books\client-service)
2025-07-29 17:01:58 [main] INFO  b.c.controllers.ClientControllerTest - No active profile set, falling back to 1 default profile: "default"
2025-07-29 17:02:01 [main] WARN  o.s.b.a.s.s.UserDetailsServiceAutoConfiguration - 

Using generated security password: 03bd838e-56db-47f0-916c-5fd3ea026b45

This generated password is for development use only. Your security configuration must be updated before running your application in production.

2025-07-29 17:02:01 [main] INFO  o.s.s.c.a.a.c.InitializeUserDetailsBeanManagerConfigurer$InitializeUserDetailsManagerConfigurer - Global AuthenticationManager configured with UserDetailsService bean with name inMemoryUserDetailsManager
2025-07-29 17:02:01 [main] INFO  o.s.v.b.OptionalValidatorFactoryBean - Failed to set up a Bean Validation provider: jakarta.validation.NoProviderFoundException: Unable to create a Configuration, because no Jakarta Bean Validation provider could be found. Add a provider like Hibernate Validator (RI) to your classpath.
2025-07-29 17:02:03 [main] INFO  o.s.b.t.m.w.SpringBootMockServletContext - Initializing Spring TestDispatcherServlet ''
2025-07-29 17:02:03 [main] INFO  o.s.t.w.s.TestDispatcherServlet - Initializing Servlet ''
2025-07-29 17:02:03 [main] INFO  o.s.t.w.s.TestDispatcherServlet - Completed initialization in 4 ms
2025-07-29 17:02:03 [main] INFO  b.c.controllers.ClientControllerTest - Started ClientControllerTest in 6.113 seconds (process running for 9.64)
2025-07-29 17:03:14 [main] INFO  b.c.controllers.ClientControllerTest - Starting ClientControllerTest using Java 17.0.6 with PID 16288 (started by cheyu in C:\Cursos\Proyectos Personales\mcsv-books\client-service)
2025-07-29 17:03:14 [main] INFO  b.c.controllers.ClientControllerTest - No active profile set, falling back to 1 default profile: "default"
2025-07-29 17:03:17 [main] WARN  o.s.b.a.s.s.UserDetailsServiceAutoConfiguration - 

Using generated security password: be6c8220-7a48-4ce8-b0a6-e90168bcb411

This generated password is for development use only. Your security configuration must be updated before running your application in production.

2025-07-29 17:03:17 [main] INFO  o.s.s.c.a.a.c.InitializeUserDetailsBeanManagerConfigurer$InitializeUserDetailsManagerConfigurer - Global AuthenticationManager configured with UserDetailsService bean with name inMemoryUserDetailsManager
2025-07-29 17:03:17 [main] INFO  o.s.v.b.OptionalValidatorFactoryBean - Failed to set up a Bean Validation provider: jakarta.validation.NoProviderFoundException: Unable to create a Configuration, because no Jakarta Bean Validation provider could be found. Add a provider like Hibernate Validator (RI) to your classpath.
2025-07-29 17:03:18 [main] INFO  o.s.b.t.m.w.SpringBootMockServletContext - Initializing Spring TestDispatcherServlet ''
2025-07-29 17:03:18 [main] INFO  o.s.t.w.s.TestDispatcherServlet - Initializing Servlet ''
2025-07-29 17:03:18 [main] INFO  o.s.t.w.s.TestDispatcherServlet - Completed initialization in 2 ms
2025-07-29 17:03:18 [main] INFO  b.c.controllers.ClientControllerTest - Started ClientControllerTest in 5.678 seconds (process running for 8.614)
2025-07-29 17:11:18 [main] INFO  b.c.controllers.ClientControllerTest - Starting ClientControllerTest using Java 17.0.6 with PID 11904 (started by cheyu in C:\Cursos\Proyectos Personales\mcsv-books\client-service)
2025-07-29 17:11:18 [main] INFO  b.c.controllers.ClientControllerTest - No active profile set, falling back to 1 default profile: "default"
2025-07-29 17:11:21 [main] WARN  o.s.b.a.s.s.UserDetailsServiceAutoConfiguration - 

Using generated security password: 7f7956ce-abd3-4eca-802d-a3b2c210a7e6

This generated password is for development use only. Your security configuration must be updated before running your application in production.

2025-07-29 17:11:21 [main] INFO  o.s.s.c.a.a.c.InitializeUserDetailsBeanManagerConfigurer$InitializeUserDetailsManagerConfigurer - Global AuthenticationManager configured with UserDetailsService bean with name inMemoryUserDetailsManager
2025-07-29 17:11:21 [main] INFO  o.s.v.b.OptionalValidatorFactoryBean - Failed to set up a Bean Validation provider: jakarta.validation.NoProviderFoundException: Unable to create a Configuration, because no Jakarta Bean Validation provider could be found. Add a provider like Hibernate Validator (RI) to your classpath.
2025-07-29 17:11:22 [main] INFO  o.s.b.t.m.w.SpringBootMockServletContext - Initializing Spring TestDispatcherServlet ''
2025-07-29 17:11:22 [main] INFO  o.s.t.w.s.TestDispatcherServlet - Initializing Servlet ''
2025-07-29 17:11:22 [main] INFO  o.s.t.w.s.TestDispatcherServlet - Completed initialization in 2 ms
2025-07-29 17:11:22 [main] INFO  b.c.controllers.ClientControllerTest - Started ClientControllerTest in 5.342 seconds (process running for 7.913)
2025-07-29 17:15:18 [main] INFO  b.c.controllers.ClientControllerTest - Starting ClientControllerTest using Java 17.0.6 with PID 6732 (started by cheyu in C:\Cursos\Proyectos Personales\mcsv-books\client-service)
2025-07-29 17:15:18 [main] INFO  b.c.controllers.ClientControllerTest - No active profile set, falling back to 1 default profile: "default"
2025-07-29 17:15:20 [main] WARN  o.s.b.a.s.s.UserDetailsServiceAutoConfiguration - 

Using generated security password: 2dc65b2c-6ff8-4ed7-a0b0-23d96c12edeb

This generated password is for development use only. Your security configuration must be updated before running your application in production.

2025-07-29 17:15:21 [main] INFO  o.s.s.c.a.a.c.InitializeUserDetailsBeanManagerConfigurer$InitializeUserDetailsManagerConfigurer - Global AuthenticationManager configured with UserDetailsService bean with name inMemoryUserDetailsManager
2025-07-29 17:15:21 [main] INFO  o.s.v.b.OptionalValidatorFactoryBean - Failed to set up a Bean Validation provider: jakarta.validation.NoProviderFoundException: Unable to create a Configuration, because no Jakarta Bean Validation provider could be found. Add a provider like Hibernate Validator (RI) to your classpath.
2025-07-29 17:15:22 [main] INFO  o.s.b.t.m.w.SpringBootMockServletContext - Initializing Spring TestDispatcherServlet ''
2025-07-29 17:15:22 [main] INFO  o.s.t.w.s.TestDispatcherServlet - Initializing Servlet ''
2025-07-29 17:15:22 [main] INFO  o.s.t.w.s.TestDispatcherServlet - Completed initialization in 3 ms
2025-07-29 17:15:22 [main] INFO  b.c.controllers.ClientControllerTest - Started ClientControllerTest in 5.173 seconds (process running for 8.433)
2025-07-29 17:16:50 [main] INFO  b.c.controllers.ClientControllerTest - Starting ClientControllerTest using Java 17.0.6 with PID 9840 (started by cheyu in C:\Cursos\Proyectos Personales\mcsv-books\client-service)
2025-07-29 17:16:50 [main] INFO  b.c.controllers.ClientControllerTest - No active profile set, falling back to 1 default profile: "default"
2025-07-29 17:16:53 [main] WARN  o.s.b.a.s.s.UserDetailsServiceAutoConfiguration - 

Using generated security password: 3f98134f-7bf4-41ee-a66f-6888ed4bc48f

This generated password is for development use only. Your security configuration must be updated before running your application in production.

2025-07-29 17:16:53 [main] INFO  o.s.s.c.a.a.c.InitializeUserDetailsBeanManagerConfigurer$InitializeUserDetailsManagerConfigurer - Global AuthenticationManager configured with UserDetailsService bean with name inMemoryUserDetailsManager
2025-07-29 17:16:53 [main] INFO  o.s.v.b.OptionalValidatorFactoryBean - Failed to set up a Bean Validation provider: jakarta.validation.NoProviderFoundException: Unable to create a Configuration, because no Jakarta Bean Validation provider could be found. Add a provider like Hibernate Validator (RI) to your classpath.
2025-07-29 17:16:54 [main] INFO  o.s.b.t.m.w.SpringBootMockServletContext - Initializing Spring TestDispatcherServlet ''
2025-07-29 17:16:54 [main] INFO  o.s.t.w.s.TestDispatcherServlet - Initializing Servlet ''
2025-07-29 17:16:54 [main] INFO  o.s.t.w.s.TestDispatcherServlet - Completed initialization in 2 ms
2025-07-29 17:16:54 [main] INFO  b.c.controllers.ClientControllerTest - Started ClientControllerTest in 5.014 seconds (process running for 7.689)
2025-07-29 17:18:15 [main] INFO  b.c.controllers.ClientControllerTest - Starting ClientControllerTest using Java 17.0.6 with PID 5548 (started by cheyu in C:\Cursos\Proyectos Personales\mcsv-books\client-service)
2025-07-29 17:18:15 [main] INFO  b.c.controllers.ClientControllerTest - No active profile set, falling back to 1 default profile: "default"
2025-07-29 17:18:17 [main] WARN  o.s.b.a.s.s.UserDetailsServiceAutoConfiguration - 

Using generated security password: 1bbacf71-fc5b-490e-b670-04e4fc5a8d8f

This generated password is for development use only. Your security configuration must be updated before running your application in production.

2025-07-29 17:18:17 [main] INFO  o.s.s.c.a.a.c.InitializeUserDetailsBeanManagerConfigurer$InitializeUserDetailsManagerConfigurer - Global AuthenticationManager configured with UserDetailsService bean with name inMemoryUserDetailsManager
2025-07-29 17:18:18 [main] INFO  o.s.v.b.OptionalValidatorFactoryBean - Failed to set up a Bean Validation provider: jakarta.validation.NoProviderFoundException: Unable to create a Configuration, because no Jakarta Bean Validation provider could be found. Add a provider like Hibernate Validator (RI) to your classpath.
2025-07-29 17:18:19 [main] INFO  o.s.b.t.m.w.SpringBootMockServletContext - Initializing Spring TestDispatcherServlet ''
2025-07-29 17:18:19 [main] INFO  o.s.t.w.s.TestDispatcherServlet - Initializing Servlet ''
2025-07-29 17:18:19 [main] INFO  o.s.t.w.s.TestDispatcherServlet - Completed initialization in 3 ms
2025-07-29 17:18:19 [main] INFO  b.c.controllers.ClientControllerTest - Started ClientControllerTest in 5.084 seconds (process running for 7.797)
2025-07-29 17:19:22 [main] INFO  b.c.controllers.ClientControllerTest - Starting ClientControllerTest using Java 17.0.6 with PID 10832 (started by cheyu in C:\Cursos\Proyectos Personales\mcsv-books\client-service)
2025-07-29 17:19:22 [main] INFO  b.c.controllers.ClientControllerTest - No active profile set, falling back to 1 default profile: "default"
2025-07-29 17:19:24 [main] WARN  o.s.b.a.s.s.UserDetailsServiceAutoConfiguration - 

Using generated security password: 52054801-e0bd-45dc-ad13-bb0b549bcd9d

This generated password is for development use only. Your security configuration must be updated before running your application in production.

2025-07-29 17:19:24 [main] INFO  o.s.s.c.a.a.c.InitializeUserDetailsBeanManagerConfigurer$InitializeUserDetailsManagerConfigurer - Global AuthenticationManager configured with UserDetailsService bean with name inMemoryUserDetailsManager
2025-07-29 17:19:25 [main] INFO  o.s.v.b.OptionalValidatorFactoryBean - Failed to set up a Bean Validation provider: jakarta.validation.NoProviderFoundException: Unable to create a Configuration, because no Jakarta Bean Validation provider could be found. Add a provider like Hibernate Validator (RI) to your classpath.
2025-07-29 17:19:26 [main] INFO  o.s.b.t.m.w.SpringBootMockServletContext - Initializing Spring TestDispatcherServlet ''
2025-07-29 17:19:26 [main] INFO  o.s.t.w.s.TestDispatcherServlet - Initializing Servlet ''
2025-07-29 17:19:26 [main] INFO  o.s.t.w.s.TestDispatcherServlet - Completed initialization in 3 ms
2025-07-29 17:19:26 [main] INFO  b.c.controllers.ClientControllerTest - Started ClientControllerTest in 5.068 seconds (process running for 7.555)
